<?xml version="1.0" encoding="UTF-8"?>
<testng-results ignored="0" total="1" passed="1" failed="0" skipped="0">
  <reporter-output>
  </reporter-output>
  <suite started-at="2022-04-16T22:33:59 EDT" name="Default suite" finished-at="2022-04-16T22:33:59 EDT" duration-ms="36">
    <groups>
    </groups>
    <test started-at="2022-04-16T22:33:59 EDT" name="Default test" finished-at="2022-04-16T22:33:59 EDT" duration-ms="36">
      <class name="newpack.NewTest">
        <test-method is-config="true" signature="beforeTest()[pri:0, instance:newpack.NewTest@2473d930]" started-at="2022-04-16T22:33:59 EDT" name="beforeTest" finished-at="2022-04-16T22:33:59 EDT" duration-ms="6" status="PASS">
          <reporter-output>
          </reporter-output>
        </test-method> <!-- beforeTest -->
        <test-method signature="TestName()[pri:0, instance:newpack.NewTest@2473d930]" started-at="2022-04-16T22:33:59 EDT" name="TestName" finished-at="2022-04-16T22:33:59 EDT" duration-ms="4" status="PASS">
          <reporter-output>
          </reporter-output>
        </test-method> <!-- TestName -->
        <test-method is-config="true" signature="afterTest()[pri:0, instance:newpack.NewTest@2473d930]" started-at="2022-04-16T22:33:59 EDT" name="afterTest" finished-at="2022-04-16T22:33:59 EDT" duration-ms="1" status="PASS">
          <reporter-output>
          </reporter-output>
        </test-method> <!-- afterTest -->
      </class> <!-- newpack.NewTest -->
    </test> <!-- Default test -->
  </suite> <!-- Default suite -->
</testng-results>
